<?xml version="1.0" encoding="UTF-8"?>
<!-- Generated by org.testng.reporters.JUnitXMLReporter -->
<testsuite hostname="HP-ProBook-450" ignored="0" name="Default test" tests="4" failures="0" timestamp="2020-08-13T22:28:19 CAT" time="0.117" errors="0">
  <testcase name="SecondTest" time="0.011" classname="Test.BasicsTestNG"/>
  <testcase name="SecondTest" time="0.003" classname="Test.BasicsTestNG"/>
  <testcase name="SecondTest" time="0.006" classname="Test.BasicsTestNG"/>
  <testcase name="demo" time="0.002" classname="Test.BasicsTestNG"/>
</testsuite> <!-- Default test -->
