<?xml version="1.0" encoding="UTF-8"?>
<!-- Generated by org.testng.reporters.JUnitXMLReporter -->
<testsuite hostname="HP-ProBook-450" name="Validate Title in login page" tests="1" failures="1" timestamp="18 Sep 2020 21:16:28 GMT" time="48.096" errors="0">
  <testcase name="basePageNavigation" time="39.543" classname="Academy.ValidateTitle">
    <failure type="java.lang.AssertionError" message="expected [FEAURED COURSES] but found [FEATURED COURSES]">
      <![CDATA[java.lang.AssertionError: expected [FEAURED COURSES] but found [FEATURED COURSES]
	at Academy.ValidateTitle.basePageNavigation(ValidateTitle.java:36)
	at java.util.concurrent.FutureTask.run(Unknown Source)
	at java.util.concurrent.ThreadPoolExecutor.runWorker(Unknown Source)
	at java.util.concurrent.ThreadPoolExecutor$Worker.run(Unknown Source)
	at java.lang.Thread.run(Unknown Source)
... Removed 21 stack frames]]>
    </failure>
  </testcase> <!-- basePageNavigation -->
</testsuite> <!-- Validate Title in login page -->
