<?xml version="1.0" encoding="UTF-8"?>
<!-- Generated by org.testng.reporters.JUnitXMLReporter -->
<testsuite hostname="HP-ProBook-450" failures="2" tests="2" name="Validate Title in login page" time="52.615" errors="0" timestamp="3 Nov 2020 22:07:37 GMT">
  <testcase classname="Academy.ValidateTitle" name="basePageNavigation" time="43.881">
    <failure type="java.lang.AssertionError" message="expected [FEAURED COURSES] but found [FEATURED COURSES]">
      <![CDATA[java.lang.AssertionError: expected [FEAURED COURSES] but found [FEATURED COURSES]
	at Academy.ValidateTitle.basePageNavigation(ValidateTitle.java:38)
	at java.base/java.util.concurrent.FutureTask.run(FutureTask.java:264)
	at java.base/java.util.concurrent.ThreadPoolExecutor.runWorker(ThreadPoolExecutor.java:1130)
	at java.base/java.util.concurrent.ThreadPoolExecutor$Worker.run(ThreadPoolExecutor.java:630)
	at java.base/java.lang.Thread.run(Thread.java:832)
... Removed 21 stack frames]]>
    </failure>
  </testcase> <!-- basePageNavigation -->
  <testcase classname="Academy.ValidateTitle" name="validateHeader" time="0.17">
    <failure type="java.lang.AssertionError" message="expected [Learn Hot tools like Selenium, Appium, JMeter, SoapUI,Database Testing and more..] but found [FEATURED COURSES]">
      <![CDATA[java.lang.AssertionError: expected [Learn Hot tools like Selenium, Appium, JMeter, SoapUI,Database Testing and more..] but found [FEATURED COURSES]
	at Academy.ValidateTitle.validateHeader(ValidateTitle.java:51)
	at java.base/java.util.concurrent.FutureTask.run(FutureTask.java:264)
	at java.base/java.util.concurrent.ThreadPoolExecutor.runWorker(ThreadPoolExecutor.java:1130)
	at java.base/java.util.concurrent.ThreadPoolExecutor$Worker.run(ThreadPoolExecutor.java:630)
	at java.base/java.lang.Thread.run(Thread.java:832)
... Removed 21 stack frames]]>
    </failure>
  </testcase> <!-- validateHeader -->
</testsuite> <!-- Validate Title in login page -->
