<?xml version="1.0" encoding="UTF-8"?>
<!-- Generated by org.testng.reporters.JUnitXMLReporter -->
<testsuite hostname="HP-ProBook-450" ignored="0" name="Test" tests="7" failures="0" timestamp="2020-08-13T23:04:13 CAT" time="0.134" errors="0">
  <testcase name="SecondTest" time="0.012" classname="Test.BasicsTestNG"/>
  <testcase name="SecondTest" time="0.006" classname="Test.BasicsTestNG"/>
  <testcase name="SecondTest" time="0.002" classname="Test.BasicsTestNG"/>
  <testcase name="demo" time="0.002" classname="Test.BasicsTestNG"/>
  <testcase name="testOne" time="0.002" classname="Test.TestOne"/>
  <testcase name="charlos" time="0.005" classname="Test.Test4"/>
  <testcase name="testFour" time="0.002" classname="Test.Test4"/>
</testsuite> <!-- Test -->
